12-09-24 18:39:31 200 Admin <admin@mediocresolutions.org> Bob Ross <bob.ross@mediocresolutions.org>
12-09-24 19:08:29 200 Admin <admin@mediocresolutions.org> Jim Blue <jim.blue@example.com>
12-09-24 19:08:29 200 Admin <admin@mediocresolutions.org> Jane Brown <jane.brown@example.com>
12-09-24 19:08:29 200 Admin <admin@mediocresolutions.org> Bob Ross <bob.ross@mediocresolutions.org>
12-09-24 19:08:29 200 Admin <admin@mediocresolutions.org> Jack Red <jack.red@example.com>
12-09-24 19:08:29 200 Admin <admin@mediocresolutions.org> Stacy McDonald <stacy.mcdonald@example.com>
12-09-24 21:36:43 200 Admin <admin@mediocresolutions.org> Jim Blue <jim.blue@example.com>
12-09-24 21:36:43 200 Admin <admin@mediocresolutions.org> Bob Ross <bob.ross@mediocresolutions.org>
12-09-24 21:36:43 200 Admin <admin@mediocresolutions.org> Jane Brown <jane.brown@example.com>
12-09-24 21:36:43 200 Admin <admin@mediocresolutions.org> Stacy McDonald <stacy.mcdonald@example.com>
12-09-24 21:36:43 200 Admin <admin@mediocresolutions.org> Jane Doe <jane.doe@mediocresolutions.org>
12-09-24 21:36:43 200 Admin <admin@mediocresolutions.org> Jack Red <jack.red@example.com>
12-09-24 21:54:49 200 Admin <admin@mediocresolutions.org> Bob Ross <bob.ross@mediocresolutions.org>
12-09-24 21:54:49 200 Admin <admin@mediocresolutions.org> Jane Brown <jane.brown@example.com>
12-09-24 21:54:49 200 Admin <admin@mediocresolutions.org> Jim Blue <jim.blue@example.com>
12-09-24 21:54:49 200 Admin <admin@mediocresolutions.org> Jane Doe <jane.doe@mediocresolutions.org>
12-09-24 21:54:49 200 Admin <admin@mediocresolutions.org> Stacy McDonald <stacy.mcdonald@example.com>
12-09-24 21:54:49 200 Admin <admin@mediocresolutions.org> Jack Red <jack.red@example.com>
12-09-24 21:55:58 200 Admin <admin@mediocresolutions.org> Jane Brown <jane.brown@example.com>
12-09-24 21:55:58 200 Admin <admin@mediocresolutions.org> Bob Ross <bob.ross@mediocresolutions.org>
12-09-24 21:55:58 200 Admin <admin@mediocresolutions.org> Jack Red <jack.red@example.com>
12-09-24 21:55:58 200 Admin <admin@mediocresolutions.org> Jim Blue <jim.blue@example.com>
12-09-24 21:55:58 200 Admin <admin@mediocresolutions.org> Stacy McDonald <stacy.mcdonald@example.com>
12-09-24 21:55:58 200 Admin <admin@mediocresolutions.org> Jane Doe <jane.doe@mediocresolutions.org>
12-09-24 21:59:36 200 Admin <admin@mediocresolutions.org> Jane Doe <jane.doe@mediocresolutions.org>
12-10-24 08:07:52 200 Admin <admin@mediocresolutions.org> Bob Ross <bob.ross@mediocresolutions.org>
12-10-24 17:59:48 200 Admin <admin@mediocresolutions.org> Sheldon Wright <wright4306@live.missouristate.edu>
12-10-24 18:06:07 200 Admin <admin@mediocresolutions.org> Bob Ross <bob.ross@mediocresolutions.org>
12-10-24 18:34:24 200 Admin <admin@mediocresolutions.org> Henry Green <henry.green@example.com>
12-11-24 17:32:00 200 Admin <admin@mediocresolutions.org> Bob Johnson <bob.johnson@example.com>
12-11-24 17:32:00 200 Admin <admin@mediocresolutions.org> Alice Smith <alice.smith@example.com>
12-11-24 17:32:00 200 Admin <admin@mediocresolutions.org> Alice Smith <alice.smith@example.com>
12-11-24 17:32:00 200 Admin <admin@mediocresolutions.org> Sarah Connor <sarah.connor@mediocresolutions.org>
